<?xml version="1.0" encoding="UTF-8"?>
<!-- Generated by org.testng.reporters.JUnitReportReporter -->
<testsuite skipped="1" hostname="DESKTOP-0AG0V8V" name="com.TestCases.LoginPageTest" tests="2" failures="0" timestamp="22 Feb 2020 06:38:38 GMT" time="58.461" errors="0">
  <testcase name="verify_Login_and_logout_functionality_Test" time="58.461" classname="com.TestCases.LoginPageTest"/>
  <testcase name="readData" classname="com.TestCases.LoginPageTest">
    <skipped/>
  </testcase> <!-- readData -->
</testsuite> <!-- com.TestCases.LoginPageTest -->
