<?xml version="1.0" encoding="UTF-8"?>
<!-- Generated by org.testng.reporters.JUnitReportReporter -->
<testsuite skipped="0" hostname="DESKTOP-0AG0V8V" name="com.auto.test.Web.TestLoginPage" tests="1" failures="0" timestamp="2020-02-10T23:07:52 IST" time="72.946" errors="0">
  <testcase name="TestToVerifyLoginAndLogoutFromTheApplication" time="72.946" classname="com.auto.test.Web.TestLoginPage"/>
</testsuite> <!-- com.auto.test.Web.TestLoginPage -->
